<?xml version="1.0" encoding="UTF-8"?>
<!-- Generated by org.testng.reporters.JUnitReportReporter -->
<testsuite skipped="0" hostname="IN5CG6495DL3" name="CreateAnFuseApp.Project.TestCase2" tests="1" failures="0" timestamp="14 Oct 2018 11:14:12 GMT" time="17.665" errors="0">
  <testcase name="hall" time="17.665" classname="CreateAnFuseApp.Project.TestCase2"/>
</testsuite> <!-- CreateAnFuseApp.Project.TestCase2 -->
