<?xml version="1.0" encoding="UTF-8"?>
<!-- Generated by org.testng.reporters.JUnitReportReporter -->
<testsuite skipped="0" hostname="IN5CG6495DL3" name="com.pom.Login" tests="1" failures="0" timestamp="14 Oct 2018 10:44:53 GMT" time="15.427" errors="0">
  <testcase name="loginApp" time="15.427" classname="com.pom.Login"/>
</testsuite> <!-- com.pom.Login -->
