<?xml version="1.0" encoding="UTF-8"?>
<!-- Generated by org.testng.reporters.JUnitReportReporter -->
<testsuite skipped="0" hostname="IN5CG6495DL3" name="CreateAnFuseApp.Project.TestCase1" tests="1" failures="0" timestamp="15 Oct 2018 14:17:36 GMT" time="40.014" errors="0">
  <testcase name="CreateanApp" time="40.014" classname="CreateAnFuseApp.Project.TestCase1"/>
</testsuite> <!-- CreateAnFuseApp.Project.TestCase1 -->
